<?xml version="1.0" encoding="UTF-8" ?>
<testsuite errors="0" failures="0" hostname="膜绿佳大佬" name="JumperTest" skipped="0" tests="6" time="0.193" timestamp="2018-04-19T07:56:30">
  <properties>
[...]
</properties>
  <testcase classname="JumperTest" name="testA" time="0.038" />
  <testcase classname="JumperTest" name="testB" time="0.0" />
  <testcase classname="JumperTest" name="testC" time="0.0" />
  <testcase classname="JumperTest" name="testD" time="0.0" />
  <testcase classname="JumperTest" name="testE" time="0.0" />
  <testcase classname="JumperTest" name="testF" time="0.0" />
  <system-out><![CDATA[]]></system-out>
  <system-err><![CDATA[]]></system-err>
</testsuite>
